{
  "stats": {
    "suites": 1,
    "tests": 23,
    "passes": 23,
    "pending": 0,
    "failures": 0,
    "start": "2025-07-21T19:37:11.795Z",
    "end": "2025-07-21T19:38:41.913Z",
    "duration": 90118,
    "testsRegistered": 23,
    "passPercent": 100,
    "pendingPercent": 0,
    "other": 0,
    "hasOther": false,
    "skipped": 0,
    "hasSkipped": false
  },
  "results": [
    {
      "uuid": "e6d4b34c-3767-4669-9431-6a52b40ba20f",
      "title": "",
      "fullFile": "cypress\\e2e\\features\\CAT01-cadastro.feature",
      "file": "cypress\\e2e\\features\\CAT01-cadastro.feature",
      "beforeHooks": [],
      "afterHooks": [],
      "tests": [],
      "suites": [
        {
          "uuid": "de4345d0-ea47-40c6-8159-3560c59b8d75",
          "title": "Cadastro de usuário",
          "fullFile": "",
          "file": "",
          "beforeHooks": [],
          "afterHooks": [],
          "tests": [
            {
              "title": "CT001 - Cadastro com sucesso",
              "fullTitle": "Cadastro de usuário CT001 - Cadastro com sucesso",
              "timedOut": null,
              "duration": 6244,
              "state": "passed",
              "speed": "medium",
              "pass": true,
              "fail": false,
              "pending": false,
              "context": null,
              "code": "var _a2, _b2, _c2, _d, _e;\n(0, assertions_1.assert)(context.includedPickles[0].id === pickle.id, \"Included pickle stack is unsynchronized\");\nconst { remainingSteps, testCaseStartedId } = retrieveInternalSpecProperties();\ntaskTestCaseStarted(context, {\n  id: testCaseStartedId,\n  testCaseId,\n  attempt: attempt++,\n  timestamp: (0, messages_1.createTimestamp)()\n});\nwindow.testState = {\n  gherkinDocument,\n  pickles,\n  pickle\n};\nconst onAfterStep = (options) => {\n  var _a3, _b3, _c3;\n  const { testStepId, start, result } = options;\n  const end = (0, messages_1.createTimestamp)();\n  if (result === \"pending\" || result === \"skipped\") {\n    if (result === \"pending\") {\n      taskTestStepFinished(context, {\n        testStepId,\n        testCaseStartedId,\n        testStepResult: {\n          status: messages_enums_1.TestStepResultStatus.PENDING,\n          duration: (0, messages_1.duration)(start, end)\n        },\n        timestamp: end\n      });\n    } else {\n      taskTestStepFinished(context, {\n        testStepId,\n        testCaseStartedId,\n        testStepResult: {\n          status: messages_enums_1.TestStepResultStatus.SKIPPED,\n          duration: (0, messages_1.duration)(start, end)\n        },\n        timestamp: end\n      });\n    }\n    remainingSteps.shift();\n    for (const skippedStep of remainingSteps) {\n      const hookIdOrPickleStepId = (0, assertions_1.assertAndReturn)((_b3 = (_a3 = skippedStep.hook) === null || _a3 === void 0 ? void 0 : _a3.id) !== null && _b3 !== void 0 ? _b3 : (_c3 = skippedStep.pickleStep) === null || _c3 === void 0 ? void 0 : _c3.id, \"Expected a step to either be a hook or a pickleStep\");\n      const testStepId2 = getTestStepId({\n        context,\n        pickleId: pickle.id,\n        hookIdOrPickleStepId\n      });\n      taskTestStepStarted(context, {\n        testStepId: testStepId2,\n        testCaseStartedId,\n        timestamp: (0, messages_1.createTimestamp)()\n      });\n      taskTestStepFinished(context, {\n        testStepId: testStepId2,\n        testCaseStartedId,\n        testStepResult: {\n          status: messages_enums_1.TestStepResultStatus.SKIPPED,\n          duration: {\n            seconds: 0,\n            nanos: 0\n          }\n        },\n        timestamp: (0, messages_1.createTimestamp)()\n      });\n    }\n    for (let i = 0, count = remainingSteps.length; i < count; i++) {\n      remainingSteps.pop();\n    }\n    cy.then(() => this.skip());\n  } else {\n    taskTestStepFinished(context, {\n      testStepId,\n      testCaseStartedId,\n      testStepResult: {\n        status: messages_enums_1.TestStepResultStatus.PASSED,\n        duration: (0, messages_1.duration)(start, end)\n      },\n      timestamp: end\n    });\n    remainingSteps.shift();\n  }\n};\nfor (const step of steps) {\n  if (step.hook) {\n    const hook = step.hook;\n    const testStepId = getTestStepId({\n      context,\n      pickleId: pickle.id,\n      hookIdOrPickleStepId: hook.id\n    });\n    cy.then(() => {\n      delete window.testState.pickleStep;\n      const start = (0, messages_1.createTimestamp)();\n      internalProperties.currentStepStartedAt = start;\n      taskTestStepStarted(context, {\n        testStepId,\n        testCaseStartedId,\n        timestamp: start\n      });\n      return cy.wrap(start, { log: false });\n    }).then((start) => {\n      const options = {\n        pickle,\n        gherkinDocument,\n        testCaseStartedId\n      };\n      return (0, cypress_1.runStepWithLogGroup)({\n        fn: dryRun ? noopFn : () => registry2.runCaseHook(this, hook, options),\n        keyword: hook.keyword,\n        text: createStepDescription(hook)\n      }).then((result) => {\n        return { start, result };\n      });\n    }).then(({ start, result }) => onAfterStep({ start, result, testStepId }));\n  } else if (step.pickleStep) {\n    const pickleStep = step.pickleStep;\n    const testStepId = getTestStepId({\n      context,\n      pickleId: pickle.id,\n      hookIdOrPickleStepId: pickleStep.id\n    });\n    const text = (0, assertions_1.assertAndReturn)(pickleStep.text, \"Expected pickle step to have a text\");\n    const scenarioStep = (0, assertions_1.assertAndReturn)(context.astIdsMap.get((0, assertions_1.assertAndReturn)((_a2 = pickleStep.astNodeIds) === null || _a2 === void 0 ? void 0 : _a2[0], \"Expected to find at least one astNodeId\")), `Expected to find scenario step associated with id = ${(_b2 = pickleStep.astNodeIds) === null || _b2 === void 0 ? void 0 : _b2[0]}`);\n    const argument = ((_c2 = pickleStep.argument) === null || _c2 === void 0 ? void 0 : _c2.dataTable) ? new data_table_1.default(pickleStep.argument.dataTable) : ((_e = (_d = pickleStep.argument) === null || _d === void 0 ? void 0 : _d.docString) === null || _e === void 0 ? void 0 : _e.content) ? pickleStep.argument.docString.content : void 0;\n    cy.then(() => {\n      window.testState.pickleStep = step.pickleStep;\n      const start = (0, messages_1.createTimestamp)();\n      internalProperties.currentStep = { pickleStep };\n      internalProperties.currentStepStartedAt = start;\n      taskTestStepStarted(context, {\n        testStepId,\n        testCaseStartedId,\n        timestamp: start\n      });\n      return cy.wrap(start, { log: false });\n    }).then((start) => {\n      const beforeStepHooks = registry2.resolveBeforeStepHooks(tags);\n      const afterStepHooks = registry2.resolveAfterStepHooks(tags);\n      const options = {\n        pickle,\n        pickleStep,\n        gherkinDocument,\n        testCaseStartedId,\n        testStepId\n      };\n      const beforeHooksChain = beforeStepHooks.reduce((chain, beforeStepHook) => {\n        return chain.then(() => (0, cypress_1.runStepWithLogGroup)({\n          keyword: \"BeforeStep\",\n          text: createStepDescription(beforeStepHook),\n          fn: dryRun ? noopFn : () => registry2.runStepHook(this, beforeStepHook, options)\n        }));\n      }, cy.wrap({}, { log: false }));\n      return beforeHooksChain.then(() => {\n        try {\n          return (0, cypress_1.runStepWithLogGroup)({\n            keyword: (0, assertions_1.assertAndReturn)(\"keyword\" in scenarioStep && scenarioStep.keyword, \"Expected to find a keyword in the scenario step\"),\n            argument,\n            text,\n            fn: () => registry2.runStepDefinition(this, text, dryRun, argument)\n          }).then((result) => {\n            return afterStepHooks.reduce((chain, afterStepHook) => {\n              return chain.then(() => (0, cypress_1.runStepWithLogGroup)({\n                keyword: \"AfterStep\",\n                text: createStepDescription(afterStepHook),\n                fn: dryRun ? noopFn : () => registry2.runStepHook(this, afterStepHook, options)\n              }));\n            }, cy.wrap({}, { log: false })).then(() => {\n              return { start, result };\n            });\n          });\n        } catch (e) {\n          if (e instanceof registry_1.MissingDefinitionError) {\n            throw new Error(createMissingStepDefinitionMessage(context, pickleStep, context.registry.parameterTypeRegistry));\n          } else {\n            throw e;\n          }\n        }\n      });\n    }).then(({ start, result }) => onAfterStep({ start, result, testStepId }));\n  }\n}",
              "err": {},
              "uuid": "8b175254-f30d-4284-ab70-fc09b2b50937",
              "parentUUID": "de4345d0-ea47-40c6-8159-3560c59b8d75",
              "isHook": false,
              "skipped": false
            },
            {
              "title": "CT002 - Cadastro com campo de e-mail inválido",
              "fullTitle": "Cadastro de usuário CT002 - Cadastro com campo de e-mail inválido",
              "timedOut": null,
              "duration": 4678,
              "state": "passed",
              "speed": "fast",
              "pass": true,
              "fail": false,
              "pending": false,
              "context": null,
              "code": "var _a2, _b2, _c2, _d, _e;\n(0, assertions_1.assert)(context.includedPickles[0].id === pickle.id, \"Included pickle stack is unsynchronized\");\nconst { remainingSteps, testCaseStartedId } = retrieveInternalSpecProperties();\ntaskTestCaseStarted(context, {\n  id: testCaseStartedId,\n  testCaseId,\n  attempt: attempt++,\n  timestamp: (0, messages_1.createTimestamp)()\n});\nwindow.testState = {\n  gherkinDocument,\n  pickles,\n  pickle\n};\nconst onAfterStep = (options) => {\n  var _a3, _b3, _c3;\n  const { testStepId, start, result } = options;\n  const end = (0, messages_1.createTimestamp)();\n  if (result === \"pending\" || result === \"skipped\") {\n    if (result === \"pending\") {\n      taskTestStepFinished(context, {\n        testStepId,\n        testCaseStartedId,\n        testStepResult: {\n          status: messages_enums_1.TestStepResultStatus.PENDING,\n          duration: (0, messages_1.duration)(start, end)\n        },\n        timestamp: end\n      });\n    } else {\n      taskTestStepFinished(context, {\n        testStepId,\n        testCaseStartedId,\n        testStepResult: {\n          status: messages_enums_1.TestStepResultStatus.SKIPPED,\n          duration: (0, messages_1.duration)(start, end)\n        },\n        timestamp: end\n      });\n    }\n    remainingSteps.shift();\n    for (const skippedStep of remainingSteps) {\n      const hookIdOrPickleStepId = (0, assertions_1.assertAndReturn)((_b3 = (_a3 = skippedStep.hook) === null || _a3 === void 0 ? void 0 : _a3.id) !== null && _b3 !== void 0 ? _b3 : (_c3 = skippedStep.pickleStep) === null || _c3 === void 0 ? void 0 : _c3.id, \"Expected a step to either be a hook or a pickleStep\");\n      const testStepId2 = getTestStepId({\n        context,\n        pickleId: pickle.id,\n        hookIdOrPickleStepId\n      });\n      taskTestStepStarted(context, {\n        testStepId: testStepId2,\n        testCaseStartedId,\n        timestamp: (0, messages_1.createTimestamp)()\n      });\n      taskTestStepFinished(context, {\n        testStepId: testStepId2,\n        testCaseStartedId,\n        testStepResult: {\n          status: messages_enums_1.TestStepResultStatus.SKIPPED,\n          duration: {\n            seconds: 0,\n            nanos: 0\n          }\n        },\n        timestamp: (0, messages_1.createTimestamp)()\n      });\n    }\n    for (let i = 0, count = remainingSteps.length; i < count; i++) {\n      remainingSteps.pop();\n    }\n    cy.then(() => this.skip());\n  } else {\n    taskTestStepFinished(context, {\n      testStepId,\n      testCaseStartedId,\n      testStepResult: {\n        status: messages_enums_1.TestStepResultStatus.PASSED,\n        duration: (0, messages_1.duration)(start, end)\n      },\n      timestamp: end\n    });\n    remainingSteps.shift();\n  }\n};\nfor (const step of steps) {\n  if (step.hook) {\n    const hook = step.hook;\n    const testStepId = getTestStepId({\n      context,\n      pickleId: pickle.id,\n      hookIdOrPickleStepId: hook.id\n    });\n    cy.then(() => {\n      delete window.testState.pickleStep;\n      const start = (0, messages_1.createTimestamp)();\n      internalProperties.currentStepStartedAt = start;\n      taskTestStepStarted(context, {\n        testStepId,\n        testCaseStartedId,\n        timestamp: start\n      });\n      return cy.wrap(start, { log: false });\n    }).then((start) => {\n      const options = {\n        pickle,\n        gherkinDocument,\n        testCaseStartedId\n      };\n      return (0, cypress_1.runStepWithLogGroup)({\n        fn: dryRun ? noopFn : () => registry2.runCaseHook(this, hook, options),\n        keyword: hook.keyword,\n        text: createStepDescription(hook)\n      }).then((result) => {\n        return { start, result };\n      });\n    }).then(({ start, result }) => onAfterStep({ start, result, testStepId }));\n  } else if (step.pickleStep) {\n    const pickleStep = step.pickleStep;\n    const testStepId = getTestStepId({\n      context,\n      pickleId: pickle.id,\n      hookIdOrPickleStepId: pickleStep.id\n    });\n    const text = (0, assertions_1.assertAndReturn)(pickleStep.text, \"Expected pickle step to have a text\");\n    const scenarioStep = (0, assertions_1.assertAndReturn)(context.astIdsMap.get((0, assertions_1.assertAndReturn)((_a2 = pickleStep.astNodeIds) === null || _a2 === void 0 ? void 0 : _a2[0], \"Expected to find at least one astNodeId\")), `Expected to find scenario step associated with id = ${(_b2 = pickleStep.astNodeIds) === null || _b2 === void 0 ? void 0 : _b2[0]}`);\n    const argument = ((_c2 = pickleStep.argument) === null || _c2 === void 0 ? void 0 : _c2.dataTable) ? new data_table_1.default(pickleStep.argument.dataTable) : ((_e = (_d = pickleStep.argument) === null || _d === void 0 ? void 0 : _d.docString) === null || _e === void 0 ? void 0 : _e.content) ? pickleStep.argument.docString.content : void 0;\n    cy.then(() => {\n      window.testState.pickleStep = step.pickleStep;\n      const start = (0, messages_1.createTimestamp)();\n      internalProperties.currentStep = { pickleStep };\n      internalProperties.currentStepStartedAt = start;\n      taskTestStepStarted(context, {\n        testStepId,\n        testCaseStartedId,\n        timestamp: start\n      });\n      return cy.wrap(start, { log: false });\n    }).then((start) => {\n      const beforeStepHooks = registry2.resolveBeforeStepHooks(tags);\n      const afterStepHooks = registry2.resolveAfterStepHooks(tags);\n      const options = {\n        pickle,\n        pickleStep,\n        gherkinDocument,\n        testCaseStartedId,\n        testStepId\n      };\n      const beforeHooksChain = beforeStepHooks.reduce((chain, beforeStepHook) => {\n        return chain.then(() => (0, cypress_1.runStepWithLogGroup)({\n          keyword: \"BeforeStep\",\n          text: createStepDescription(beforeStepHook),\n          fn: dryRun ? noopFn : () => registry2.runStepHook(this, beforeStepHook, options)\n        }));\n      }, cy.wrap({}, { log: false }));\n      return beforeHooksChain.then(() => {\n        try {\n          return (0, cypress_1.runStepWithLogGroup)({\n            keyword: (0, assertions_1.assertAndReturn)(\"keyword\" in scenarioStep && scenarioStep.keyword, \"Expected to find a keyword in the scenario step\"),\n            argument,\n            text,\n            fn: () => registry2.runStepDefinition(this, text, dryRun, argument)\n          }).then((result) => {\n            return afterStepHooks.reduce((chain, afterStepHook) => {\n              return chain.then(() => (0, cypress_1.runStepWithLogGroup)({\n                keyword: \"AfterStep\",\n                text: createStepDescription(afterStepHook),\n                fn: dryRun ? noopFn : () => registry2.runStepHook(this, afterStepHook, options)\n              }));\n            }, cy.wrap({}, { log: false })).then(() => {\n              return { start, result };\n            });\n          });\n        } catch (e) {\n          if (e instanceof registry_1.MissingDefinitionError) {\n            throw new Error(createMissingStepDefinitionMessage(context, pickleStep, context.registry.parameterTypeRegistry));\n          } else {\n            throw e;\n          }\n        }\n      });\n    }).then(({ start, result }) => onAfterStep({ start, result, testStepId }));\n  }\n}",
              "err": {},
              "uuid": "82913455-63d3-4efc-9759-323cd07c4cee",
              "parentUUID": "de4345d0-ea47-40c6-8159-3560c59b8d75",
              "isHook": false,
              "skipped": false
            },
            {
              "title": "CT003 - Cadastro com campo de senha inválido (menos de 5 caracteres)",
              "fullTitle": "Cadastro de usuário CT003 - Cadastro com campo de senha inválido (menos de 5 caracteres)",
              "timedOut": null,
              "duration": 3714,
              "state": "passed",
              "speed": "fast",
              "pass": true,
              "fail": false,
              "pending": false,
              "context": null,
              "code": "var _a2, _b2, _c2, _d, _e;\n(0, assertions_1.assert)(context.includedPickles[0].id === pickle.id, \"Included pickle stack is unsynchronized\");\nconst { remainingSteps, testCaseStartedId } = retrieveInternalSpecProperties();\ntaskTestCaseStarted(context, {\n  id: testCaseStartedId,\n  testCaseId,\n  attempt: attempt++,\n  timestamp: (0, messages_1.createTimestamp)()\n});\nwindow.testState = {\n  gherkinDocument,\n  pickles,\n  pickle\n};\nconst onAfterStep = (options) => {\n  var _a3, _b3, _c3;\n  const { testStepId, start, result } = options;\n  const end = (0, messages_1.createTimestamp)();\n  if (result === \"pending\" || result === \"skipped\") {\n    if (result === \"pending\") {\n      taskTestStepFinished(context, {\n        testStepId,\n        testCaseStartedId,\n        testStepResult: {\n          status: messages_enums_1.TestStepResultStatus.PENDING,\n          duration: (0, messages_1.duration)(start, end)\n        },\n        timestamp: end\n      });\n    } else {\n      taskTestStepFinished(context, {\n        testStepId,\n        testCaseStartedId,\n        testStepResult: {\n          status: messages_enums_1.TestStepResultStatus.SKIPPED,\n          duration: (0, messages_1.duration)(start, end)\n        },\n        timestamp: end\n      });\n    }\n    remainingSteps.shift();\n    for (const skippedStep of remainingSteps) {\n      const hookIdOrPickleStepId = (0, assertions_1.assertAndReturn)((_b3 = (_a3 = skippedStep.hook) === null || _a3 === void 0 ? void 0 : _a3.id) !== null && _b3 !== void 0 ? _b3 : (_c3 = skippedStep.pickleStep) === null || _c3 === void 0 ? void 0 : _c3.id, \"Expected a step to either be a hook or a pickleStep\");\n      const testStepId2 = getTestStepId({\n        context,\n        pickleId: pickle.id,\n        hookIdOrPickleStepId\n      });\n      taskTestStepStarted(context, {\n        testStepId: testStepId2,\n        testCaseStartedId,\n        timestamp: (0, messages_1.createTimestamp)()\n      });\n      taskTestStepFinished(context, {\n        testStepId: testStepId2,\n        testCaseStartedId,\n        testStepResult: {\n          status: messages_enums_1.TestStepResultStatus.SKIPPED,\n          duration: {\n            seconds: 0,\n            nanos: 0\n          }\n        },\n        timestamp: (0, messages_1.createTimestamp)()\n      });\n    }\n    for (let i = 0, count = remainingSteps.length; i < count; i++) {\n      remainingSteps.pop();\n    }\n    cy.then(() => this.skip());\n  } else {\n    taskTestStepFinished(context, {\n      testStepId,\n      testCaseStartedId,\n      testStepResult: {\n        status: messages_enums_1.TestStepResultStatus.PASSED,\n        duration: (0, messages_1.duration)(start, end)\n      },\n      timestamp: end\n    });\n    remainingSteps.shift();\n  }\n};\nfor (const step of steps) {\n  if (step.hook) {\n    const hook = step.hook;\n    const testStepId = getTestStepId({\n      context,\n      pickleId: pickle.id,\n      hookIdOrPickleStepId: hook.id\n    });\n    cy.then(() => {\n      delete window.testState.pickleStep;\n      const start = (0, messages_1.createTimestamp)();\n      internalProperties.currentStepStartedAt = start;\n      taskTestStepStarted(context, {\n        testStepId,\n        testCaseStartedId,\n        timestamp: start\n      });\n      return cy.wrap(start, { log: false });\n    }).then((start) => {\n      const options = {\n        pickle,\n        gherkinDocument,\n        testCaseStartedId\n      };\n      return (0, cypress_1.runStepWithLogGroup)({\n        fn: dryRun ? noopFn : () => registry2.runCaseHook(this, hook, options),\n        keyword: hook.keyword,\n        text: createStepDescription(hook)\n      }).then((result) => {\n        return { start, result };\n      });\n    }).then(({ start, result }) => onAfterStep({ start, result, testStepId }));\n  } else if (step.pickleStep) {\n    const pickleStep = step.pickleStep;\n    const testStepId = getTestStepId({\n      context,\n      pickleId: pickle.id,\n      hookIdOrPickleStepId: pickleStep.id\n    });\n    const text = (0, assertions_1.assertAndReturn)(pickleStep.text, \"Expected pickle step to have a text\");\n    const scenarioStep = (0, assertions_1.assertAndReturn)(context.astIdsMap.get((0, assertions_1.assertAndReturn)((_a2 = pickleStep.astNodeIds) === null || _a2 === void 0 ? void 0 : _a2[0], \"Expected to find at least one astNodeId\")), `Expected to find scenario step associated with id = ${(_b2 = pickleStep.astNodeIds) === null || _b2 === void 0 ? void 0 : _b2[0]}`);\n    const argument = ((_c2 = pickleStep.argument) === null || _c2 === void 0 ? void 0 : _c2.dataTable) ? new data_table_1.default(pickleStep.argument.dataTable) : ((_e = (_d = pickleStep.argument) === null || _d === void 0 ? void 0 : _d.docString) === null || _e === void 0 ? void 0 : _e.content) ? pickleStep.argument.docString.content : void 0;\n    cy.then(() => {\n      window.testState.pickleStep = step.pickleStep;\n      const start = (0, messages_1.createTimestamp)();\n      internalProperties.currentStep = { pickleStep };\n      internalProperties.currentStepStartedAt = start;\n      taskTestStepStarted(context, {\n        testStepId,\n        testCaseStartedId,\n        timestamp: start\n      });\n      return cy.wrap(start, { log: false });\n    }).then((start) => {\n      const beforeStepHooks = registry2.resolveBeforeStepHooks(tags);\n      const afterStepHooks = registry2.resolveAfterStepHooks(tags);\n      const options = {\n        pickle,\n        pickleStep,\n        gherkinDocument,\n        testCaseStartedId,\n        testStepId\n      };\n      const beforeHooksChain = beforeStepHooks.reduce((chain, beforeStepHook) => {\n        return chain.then(() => (0, cypress_1.runStepWithLogGroup)({\n          keyword: \"BeforeStep\",\n          text: createStepDescription(beforeStepHook),\n          fn: dryRun ? noopFn : () => registry2.runStepHook(this, beforeStepHook, options)\n        }));\n      }, cy.wrap({}, { log: false }));\n      return beforeHooksChain.then(() => {\n        try {\n          return (0, cypress_1.runStepWithLogGroup)({\n            keyword: (0, assertions_1.assertAndReturn)(\"keyword\" in scenarioStep && scenarioStep.keyword, \"Expected to find a keyword in the scenario step\"),\n            argument,\n            text,\n            fn: () => registry2.runStepDefinition(this, text, dryRun, argument)\n          }).then((result) => {\n            return afterStepHooks.reduce((chain, afterStepHook) => {\n              return chain.then(() => (0, cypress_1.runStepWithLogGroup)({\n                keyword: \"AfterStep\",\n                text: createStepDescription(afterStepHook),\n                fn: dryRun ? noopFn : () => registry2.runStepHook(this, afterStepHook, options)\n              }));\n            }, cy.wrap({}, { log: false })).then(() => {\n              return { start, result };\n            });\n          });\n        } catch (e) {\n          if (e instanceof registry_1.MissingDefinitionError) {\n            throw new Error(createMissingStepDefinitionMessage(context, pickleStep, context.registry.parameterTypeRegistry));\n          } else {\n            throw e;\n          }\n        }\n      });\n    }).then(({ start, result }) => onAfterStep({ start, result, testStepId }));\n  }\n}",
              "err": {},
              "uuid": "7546d480-e1cd-428b-9bee-c8a0de45dc8d",
              "parentUUID": "de4345d0-ea47-40c6-8159-3560c59b8d75",
              "isHook": false,
              "skipped": false
            },
            {
              "title": "CT004 - Cadastro com campo de senha inválido (mais de 40 caracteres)",
              "fullTitle": "Cadastro de usuário CT004 - Cadastro com campo de senha inválido (mais de 40 caracteres)",
              "timedOut": null,
              "duration": 6040,
              "state": "passed",
              "speed": "medium",
              "pass": true,
              "fail": false,
              "pending": false,
              "context": null,
              "code": "var _a2, _b2, _c2, _d, _e;\n(0, assertions_1.assert)(context.includedPickles[0].id === pickle.id, \"Included pickle stack is unsynchronized\");\nconst { remainingSteps, testCaseStartedId } = retrieveInternalSpecProperties();\ntaskTestCaseStarted(context, {\n  id: testCaseStartedId,\n  testCaseId,\n  attempt: attempt++,\n  timestamp: (0, messages_1.createTimestamp)()\n});\nwindow.testState = {\n  gherkinDocument,\n  pickles,\n  pickle\n};\nconst onAfterStep = (options) => {\n  var _a3, _b3, _c3;\n  const { testStepId, start, result } = options;\n  const end = (0, messages_1.createTimestamp)();\n  if (result === \"pending\" || result === \"skipped\") {\n    if (result === \"pending\") {\n      taskTestStepFinished(context, {\n        testStepId,\n        testCaseStartedId,\n        testStepResult: {\n          status: messages_enums_1.TestStepResultStatus.PENDING,\n          duration: (0, messages_1.duration)(start, end)\n        },\n        timestamp: end\n      });\n    } else {\n      taskTestStepFinished(context, {\n        testStepId,\n        testCaseStartedId,\n        testStepResult: {\n          status: messages_enums_1.TestStepResultStatus.SKIPPED,\n          duration: (0, messages_1.duration)(start, end)\n        },\n        timestamp: end\n      });\n    }\n    remainingSteps.shift();\n    for (const skippedStep of remainingSteps) {\n      const hookIdOrPickleStepId = (0, assertions_1.assertAndReturn)((_b3 = (_a3 = skippedStep.hook) === null || _a3 === void 0 ? void 0 : _a3.id) !== null && _b3 !== void 0 ? _b3 : (_c3 = skippedStep.pickleStep) === null || _c3 === void 0 ? void 0 : _c3.id, \"Expected a step to either be a hook or a pickleStep\");\n      const testStepId2 = getTestStepId({\n        context,\n        pickleId: pickle.id,\n        hookIdOrPickleStepId\n      });\n      taskTestStepStarted(context, {\n        testStepId: testStepId2,\n        testCaseStartedId,\n        timestamp: (0, messages_1.createTimestamp)()\n      });\n      taskTestStepFinished(context, {\n        testStepId: testStepId2,\n        testCaseStartedId,\n        testStepResult: {\n          status: messages_enums_1.TestStepResultStatus.SKIPPED,\n          duration: {\n            seconds: 0,\n            nanos: 0\n          }\n        },\n        timestamp: (0, messages_1.createTimestamp)()\n      });\n    }\n    for (let i = 0, count = remainingSteps.length; i < count; i++) {\n      remainingSteps.pop();\n    }\n    cy.then(() => this.skip());\n  } else {\n    taskTestStepFinished(context, {\n      testStepId,\n      testCaseStartedId,\n      testStepResult: {\n        status: messages_enums_1.TestStepResultStatus.PASSED,\n        duration: (0, messages_1.duration)(start, end)\n      },\n      timestamp: end\n    });\n    remainingSteps.shift();\n  }\n};\nfor (const step of steps) {\n  if (step.hook) {\n    const hook = step.hook;\n    const testStepId = getTestStepId({\n      context,\n      pickleId: pickle.id,\n      hookIdOrPickleStepId: hook.id\n    });\n    cy.then(() => {\n      delete window.testState.pickleStep;\n      const start = (0, messages_1.createTimestamp)();\n      internalProperties.currentStepStartedAt = start;\n      taskTestStepStarted(context, {\n        testStepId,\n        testCaseStartedId,\n        timestamp: start\n      });\n      return cy.wrap(start, { log: false });\n    }).then((start) => {\n      const options = {\n        pickle,\n        gherkinDocument,\n        testCaseStartedId\n      };\n      return (0, cypress_1.runStepWithLogGroup)({\n        fn: dryRun ? noopFn : () => registry2.runCaseHook(this, hook, options),\n        keyword: hook.keyword,\n        text: createStepDescription(hook)\n      }).then((result) => {\n        return { start, result };\n      });\n    }).then(({ start, result }) => onAfterStep({ start, result, testStepId }));\n  } else if (step.pickleStep) {\n    const pickleStep = step.pickleStep;\n    const testStepId = getTestStepId({\n      context,\n      pickleId: pickle.id,\n      hookIdOrPickleStepId: pickleStep.id\n    });\n    const text = (0, assertions_1.assertAndReturn)(pickleStep.text, \"Expected pickle step to have a text\");\n    const scenarioStep = (0, assertions_1.assertAndReturn)(context.astIdsMap.get((0, assertions_1.assertAndReturn)((_a2 = pickleStep.astNodeIds) === null || _a2 === void 0 ? void 0 : _a2[0], \"Expected to find at least one astNodeId\")), `Expected to find scenario step associated with id = ${(_b2 = pickleStep.astNodeIds) === null || _b2 === void 0 ? void 0 : _b2[0]}`);\n    const argument = ((_c2 = pickleStep.argument) === null || _c2 === void 0 ? void 0 : _c2.dataTable) ? new data_table_1.default(pickleStep.argument.dataTable) : ((_e = (_d = pickleStep.argument) === null || _d === void 0 ? void 0 : _d.docString) === null || _e === void 0 ? void 0 : _e.content) ? pickleStep.argument.docString.content : void 0;\n    cy.then(() => {\n      window.testState.pickleStep = step.pickleStep;\n      const start = (0, messages_1.createTimestamp)();\n      internalProperties.currentStep = { pickleStep };\n      internalProperties.currentStepStartedAt = start;\n      taskTestStepStarted(context, {\n        testStepId,\n        testCaseStartedId,\n        timestamp: start\n      });\n      return cy.wrap(start, { log: false });\n    }).then((start) => {\n      const beforeStepHooks = registry2.resolveBeforeStepHooks(tags);\n      const afterStepHooks = registry2.resolveAfterStepHooks(tags);\n      const options = {\n        pickle,\n        pickleStep,\n        gherkinDocument,\n        testCaseStartedId,\n        testStepId\n      };\n      const beforeHooksChain = beforeStepHooks.reduce((chain, beforeStepHook) => {\n        return chain.then(() => (0, cypress_1.runStepWithLogGroup)({\n          keyword: \"BeforeStep\",\n          text: createStepDescription(beforeStepHook),\n          fn: dryRun ? noopFn : () => registry2.runStepHook(this, beforeStepHook, options)\n        }));\n      }, cy.wrap({}, { log: false }));\n      return beforeHooksChain.then(() => {\n        try {\n          return (0, cypress_1.runStepWithLogGroup)({\n            keyword: (0, assertions_1.assertAndReturn)(\"keyword\" in scenarioStep && scenarioStep.keyword, \"Expected to find a keyword in the scenario step\"),\n            argument,\n            text,\n            fn: () => registry2.runStepDefinition(this, text, dryRun, argument)\n          }).then((result) => {\n            return afterStepHooks.reduce((chain, afterStepHook) => {\n              return chain.then(() => (0, cypress_1.runStepWithLogGroup)({\n                keyword: \"AfterStep\",\n                text: createStepDescription(afterStepHook),\n                fn: dryRun ? noopFn : () => registry2.runStepHook(this, afterStepHook, options)\n              }));\n            }, cy.wrap({}, { log: false })).then(() => {\n              return { start, result };\n            });\n          });\n        } catch (e) {\n          if (e instanceof registry_1.MissingDefinitionError) {\n            throw new Error(createMissingStepDefinitionMessage(context, pickleStep, context.registry.parameterTypeRegistry));\n          } else {\n            throw e;\n          }\n        }\n      });\n    }).then(({ start, result }) => onAfterStep({ start, result, testStepId }));\n  }\n}",
              "err": {},
              "uuid": "1d9e3fc9-792c-41b2-8ea0-f01cf53b11cd",
              "parentUUID": "de4345d0-ea47-40c6-8159-3560c59b8d75",
              "isHook": false,
              "skipped": false
            },
            {
              "title": "CT005 - Cadastro com campo de senha diferente de confirmação",
              "fullTitle": "Cadastro de usuário CT005 - Cadastro com campo de senha diferente de confirmação",
              "timedOut": null,
              "duration": 4803,
              "state": "passed",
              "speed": "fast",
              "pass": true,
              "fail": false,
              "pending": false,
              "context": null,
              "code": "var _a2, _b2, _c2, _d, _e;\n(0, assertions_1.assert)(context.includedPickles[0].id === pickle.id, \"Included pickle stack is unsynchronized\");\nconst { remainingSteps, testCaseStartedId } = retrieveInternalSpecProperties();\ntaskTestCaseStarted(context, {\n  id: testCaseStartedId,\n  testCaseId,\n  attempt: attempt++,\n  timestamp: (0, messages_1.createTimestamp)()\n});\nwindow.testState = {\n  gherkinDocument,\n  pickles,\n  pickle\n};\nconst onAfterStep = (options) => {\n  var _a3, _b3, _c3;\n  const { testStepId, start, result } = options;\n  const end = (0, messages_1.createTimestamp)();\n  if (result === \"pending\" || result === \"skipped\") {\n    if (result === \"pending\") {\n      taskTestStepFinished(context, {\n        testStepId,\n        testCaseStartedId,\n        testStepResult: {\n          status: messages_enums_1.TestStepResultStatus.PENDING,\n          duration: (0, messages_1.duration)(start, end)\n        },\n        timestamp: end\n      });\n    } else {\n      taskTestStepFinished(context, {\n        testStepId,\n        testCaseStartedId,\n        testStepResult: {\n          status: messages_enums_1.TestStepResultStatus.SKIPPED,\n          duration: (0, messages_1.duration)(start, end)\n        },\n        timestamp: end\n      });\n    }\n    remainingSteps.shift();\n    for (const skippedStep of remainingSteps) {\n      const hookIdOrPickleStepId = (0, assertions_1.assertAndReturn)((_b3 = (_a3 = skippedStep.hook) === null || _a3 === void 0 ? void 0 : _a3.id) !== null && _b3 !== void 0 ? _b3 : (_c3 = skippedStep.pickleStep) === null || _c3 === void 0 ? void 0 : _c3.id, \"Expected a step to either be a hook or a pickleStep\");\n      const testStepId2 = getTestStepId({\n        context,\n        pickleId: pickle.id,\n        hookIdOrPickleStepId\n      });\n      taskTestStepStarted(context, {\n        testStepId: testStepId2,\n        testCaseStartedId,\n        timestamp: (0, messages_1.createTimestamp)()\n      });\n      taskTestStepFinished(context, {\n        testStepId: testStepId2,\n        testCaseStartedId,\n        testStepResult: {\n          status: messages_enums_1.TestStepResultStatus.SKIPPED,\n          duration: {\n            seconds: 0,\n            nanos: 0\n          }\n        },\n        timestamp: (0, messages_1.createTimestamp)()\n      });\n    }\n    for (let i = 0, count = remainingSteps.length; i < count; i++) {\n      remainingSteps.pop();\n    }\n    cy.then(() => this.skip());\n  } else {\n    taskTestStepFinished(context, {\n      testStepId,\n      testCaseStartedId,\n      testStepResult: {\n        status: messages_enums_1.TestStepResultStatus.PASSED,\n        duration: (0, messages_1.duration)(start, end)\n      },\n      timestamp: end\n    });\n    remainingSteps.shift();\n  }\n};\nfor (const step of steps) {\n  if (step.hook) {\n    const hook = step.hook;\n    const testStepId = getTestStepId({\n      context,\n      pickleId: pickle.id,\n      hookIdOrPickleStepId: hook.id\n    });\n    cy.then(() => {\n      delete window.testState.pickleStep;\n      const start = (0, messages_1.createTimestamp)();\n      internalProperties.currentStepStartedAt = start;\n      taskTestStepStarted(context, {\n        testStepId,\n        testCaseStartedId,\n        timestamp: start\n      });\n      return cy.wrap(start, { log: false });\n    }).then((start) => {\n      const options = {\n        pickle,\n        gherkinDocument,\n        testCaseStartedId\n      };\n      return (0, cypress_1.runStepWithLogGroup)({\n        fn: dryRun ? noopFn : () => registry2.runCaseHook(this, hook, options),\n        keyword: hook.keyword,\n        text: createStepDescription(hook)\n      }).then((result) => {\n        return { start, result };\n      });\n    }).then(({ start, result }) => onAfterStep({ start, result, testStepId }));\n  } else if (step.pickleStep) {\n    const pickleStep = step.pickleStep;\n    const testStepId = getTestStepId({\n      context,\n      pickleId: pickle.id,\n      hookIdOrPickleStepId: pickleStep.id\n    });\n    const text = (0, assertions_1.assertAndReturn)(pickleStep.text, \"Expected pickle step to have a text\");\n    const scenarioStep = (0, assertions_1.assertAndReturn)(context.astIdsMap.get((0, assertions_1.assertAndReturn)((_a2 = pickleStep.astNodeIds) === null || _a2 === void 0 ? void 0 : _a2[0], \"Expected to find at least one astNodeId\")), `Expected to find scenario step associated with id = ${(_b2 = pickleStep.astNodeIds) === null || _b2 === void 0 ? void 0 : _b2[0]}`);\n    const argument = ((_c2 = pickleStep.argument) === null || _c2 === void 0 ? void 0 : _c2.dataTable) ? new data_table_1.default(pickleStep.argument.dataTable) : ((_e = (_d = pickleStep.argument) === null || _d === void 0 ? void 0 : _d.docString) === null || _e === void 0 ? void 0 : _e.content) ? pickleStep.argument.docString.content : void 0;\n    cy.then(() => {\n      window.testState.pickleStep = step.pickleStep;\n      const start = (0, messages_1.createTimestamp)();\n      internalProperties.currentStep = { pickleStep };\n      internalProperties.currentStepStartedAt = start;\n      taskTestStepStarted(context, {\n        testStepId,\n        testCaseStartedId,\n        timestamp: start\n      });\n      return cy.wrap(start, { log: false });\n    }).then((start) => {\n      const beforeStepHooks = registry2.resolveBeforeStepHooks(tags);\n      const afterStepHooks = registry2.resolveAfterStepHooks(tags);\n      const options = {\n        pickle,\n        pickleStep,\n        gherkinDocument,\n        testCaseStartedId,\n        testStepId\n      };\n      const beforeHooksChain = beforeStepHooks.reduce((chain, beforeStepHook) => {\n        return chain.then(() => (0, cypress_1.runStepWithLogGroup)({\n          keyword: \"BeforeStep\",\n          text: createStepDescription(beforeStepHook),\n          fn: dryRun ? noopFn : () => registry2.runStepHook(this, beforeStepHook, options)\n        }));\n      }, cy.wrap({}, { log: false }));\n      return beforeHooksChain.then(() => {\n        try {\n          return (0, cypress_1.runStepWithLogGroup)({\n            keyword: (0, assertions_1.assertAndReturn)(\"keyword\" in scenarioStep && scenarioStep.keyword, \"Expected to find a keyword in the scenario step\"),\n            argument,\n            text,\n            fn: () => registry2.runStepDefinition(this, text, dryRun, argument)\n          }).then((result) => {\n            return afterStepHooks.reduce((chain, afterStepHook) => {\n              return chain.then(() => (0, cypress_1.runStepWithLogGroup)({\n                keyword: \"AfterStep\",\n                text: createStepDescription(afterStepHook),\n                fn: dryRun ? noopFn : () => registry2.runStepHook(this, afterStepHook, options)\n              }));\n            }, cy.wrap({}, { log: false })).then(() => {\n              return { start, result };\n            });\n          });\n        } catch (e) {\n          if (e instanceof registry_1.MissingDefinitionError) {\n            throw new Error(createMissingStepDefinitionMessage(context, pickleStep, context.registry.parameterTypeRegistry));\n          } else {\n            throw e;\n          }\n        }\n      });\n    }).then(({ start, result }) => onAfterStep({ start, result, testStepId }));\n  }\n}",
              "err": {},
              "uuid": "1a899bca-de31-4f75-a2c9-e6008ad2923f",
              "parentUUID": "de4345d0-ea47-40c6-8159-3560c59b8d75",
              "isHook": false,
              "skipped": false
            },
            {
              "title": "CT006 - Cadastro com campo de e-mail em branco",
              "fullTitle": "Cadastro de usuário CT006 - Cadastro com campo de e-mail em branco",
              "timedOut": null,
              "duration": 4342,
              "state": "passed",
              "speed": "fast",
              "pass": true,
              "fail": false,
              "pending": false,
              "context": null,
              "code": "var _a2, _b2, _c2, _d, _e;\n(0, assertions_1.assert)(context.includedPickles[0].id === pickle.id, \"Included pickle stack is unsynchronized\");\nconst { remainingSteps, testCaseStartedId } = retrieveInternalSpecProperties();\ntaskTestCaseStarted(context, {\n  id: testCaseStartedId,\n  testCaseId,\n  attempt: attempt++,\n  timestamp: (0, messages_1.createTimestamp)()\n});\nwindow.testState = {\n  gherkinDocument,\n  pickles,\n  pickle\n};\nconst onAfterStep = (options) => {\n  var _a3, _b3, _c3;\n  const { testStepId, start, result } = options;\n  const end = (0, messages_1.createTimestamp)();\n  if (result === \"pending\" || result === \"skipped\") {\n    if (result === \"pending\") {\n      taskTestStepFinished(context, {\n        testStepId,\n        testCaseStartedId,\n        testStepResult: {\n          status: messages_enums_1.TestStepResultStatus.PENDING,\n          duration: (0, messages_1.duration)(start, end)\n        },\n        timestamp: end\n      });\n    } else {\n      taskTestStepFinished(context, {\n        testStepId,\n        testCaseStartedId,\n        testStepResult: {\n          status: messages_enums_1.TestStepResultStatus.SKIPPED,\n          duration: (0, messages_1.duration)(start, end)\n        },\n        timestamp: end\n      });\n    }\n    remainingSteps.shift();\n    for (const skippedStep of remainingSteps) {\n      const hookIdOrPickleStepId = (0, assertions_1.assertAndReturn)((_b3 = (_a3 = skippedStep.hook) === null || _a3 === void 0 ? void 0 : _a3.id) !== null && _b3 !== void 0 ? _b3 : (_c3 = skippedStep.pickleStep) === null || _c3 === void 0 ? void 0 : _c3.id, \"Expected a step to either be a hook or a pickleStep\");\n      const testStepId2 = getTestStepId({\n        context,\n        pickleId: pickle.id,\n        hookIdOrPickleStepId\n      });\n      taskTestStepStarted(context, {\n        testStepId: testStepId2,\n        testCaseStartedId,\n        timestamp: (0, messages_1.createTimestamp)()\n      });\n      taskTestStepFinished(context, {\n        testStepId: testStepId2,\n        testCaseStartedId,\n        testStepResult: {\n          status: messages_enums_1.TestStepResultStatus.SKIPPED,\n          duration: {\n            seconds: 0,\n            nanos: 0\n          }\n        },\n        timestamp: (0, messages_1.createTimestamp)()\n      });\n    }\n    for (let i = 0, count = remainingSteps.length; i < count; i++) {\n      remainingSteps.pop();\n    }\n    cy.then(() => this.skip());\n  } else {\n    taskTestStepFinished(context, {\n      testStepId,\n      testCaseStartedId,\n      testStepResult: {\n        status: messages_enums_1.TestStepResultStatus.PASSED,\n        duration: (0, messages_1.duration)(start, end)\n      },\n      timestamp: end\n    });\n    remainingSteps.shift();\n  }\n};\nfor (const step of steps) {\n  if (step.hook) {\n    const hook = step.hook;\n    const testStepId = getTestStepId({\n      context,\n      pickleId: pickle.id,\n      hookIdOrPickleStepId: hook.id\n    });\n    cy.then(() => {\n      delete window.testState.pickleStep;\n      const start = (0, messages_1.createTimestamp)();\n      internalProperties.currentStepStartedAt = start;\n      taskTestStepStarted(context, {\n        testStepId,\n        testCaseStartedId,\n        timestamp: start\n      });\n      return cy.wrap(start, { log: false });\n    }).then((start) => {\n      const options = {\n        pickle,\n        gherkinDocument,\n        testCaseStartedId\n      };\n      return (0, cypress_1.runStepWithLogGroup)({\n        fn: dryRun ? noopFn : () => registry2.runCaseHook(this, hook, options),\n        keyword: hook.keyword,\n        text: createStepDescription(hook)\n      }).then((result) => {\n        return { start, result };\n      });\n    }).then(({ start, result }) => onAfterStep({ start, result, testStepId }));\n  } else if (step.pickleStep) {\n    const pickleStep = step.pickleStep;\n    const testStepId = getTestStepId({\n      context,\n      pickleId: pickle.id,\n      hookIdOrPickleStepId: pickleStep.id\n    });\n    const text = (0, assertions_1.assertAndReturn)(pickleStep.text, \"Expected pickle step to have a text\");\n    const scenarioStep = (0, assertions_1.assertAndReturn)(context.astIdsMap.get((0, assertions_1.assertAndReturn)((_a2 = pickleStep.astNodeIds) === null || _a2 === void 0 ? void 0 : _a2[0], \"Expected to find at least one astNodeId\")), `Expected to find scenario step associated with id = ${(_b2 = pickleStep.astNodeIds) === null || _b2 === void 0 ? void 0 : _b2[0]}`);\n    const argument = ((_c2 = pickleStep.argument) === null || _c2 === void 0 ? void 0 : _c2.dataTable) ? new data_table_1.default(pickleStep.argument.dataTable) : ((_e = (_d = pickleStep.argument) === null || _d === void 0 ? void 0 : _d.docString) === null || _e === void 0 ? void 0 : _e.content) ? pickleStep.argument.docString.content : void 0;\n    cy.then(() => {\n      window.testState.pickleStep = step.pickleStep;\n      const start = (0, messages_1.createTimestamp)();\n      internalProperties.currentStep = { pickleStep };\n      internalProperties.currentStepStartedAt = start;\n      taskTestStepStarted(context, {\n        testStepId,\n        testCaseStartedId,\n        timestamp: start\n      });\n      return cy.wrap(start, { log: false });\n    }).then((start) => {\n      const beforeStepHooks = registry2.resolveBeforeStepHooks(tags);\n      const afterStepHooks = registry2.resolveAfterStepHooks(tags);\n      const options = {\n        pickle,\n        pickleStep,\n        gherkinDocument,\n        testCaseStartedId,\n        testStepId\n      };\n      const beforeHooksChain = beforeStepHooks.reduce((chain, beforeStepHook) => {\n        return chain.then(() => (0, cypress_1.runStepWithLogGroup)({\n          keyword: \"BeforeStep\",\n          text: createStepDescription(beforeStepHook),\n          fn: dryRun ? noopFn : () => registry2.runStepHook(this, beforeStepHook, options)\n        }));\n      }, cy.wrap({}, { log: false }));\n      return beforeHooksChain.then(() => {\n        try {\n          return (0, cypress_1.runStepWithLogGroup)({\n            keyword: (0, assertions_1.assertAndReturn)(\"keyword\" in scenarioStep && scenarioStep.keyword, \"Expected to find a keyword in the scenario step\"),\n            argument,\n            text,\n            fn: () => registry2.runStepDefinition(this, text, dryRun, argument)\n          }).then((result) => {\n            return afterStepHooks.reduce((chain, afterStepHook) => {\n              return chain.then(() => (0, cypress_1.runStepWithLogGroup)({\n                keyword: \"AfterStep\",\n                text: createStepDescription(afterStepHook),\n                fn: dryRun ? noopFn : () => registry2.runStepHook(this, afterStepHook, options)\n              }));\n            }, cy.wrap({}, { log: false })).then(() => {\n              return { start, result };\n            });\n          });\n        } catch (e) {\n          if (e instanceof registry_1.MissingDefinitionError) {\n            throw new Error(createMissingStepDefinitionMessage(context, pickleStep, context.registry.parameterTypeRegistry));\n          } else {\n            throw e;\n          }\n        }\n      });\n    }).then(({ start, result }) => onAfterStep({ start, result, testStepId }));\n  }\n}",
              "err": {},
              "uuid": "918032d7-8b2c-41bd-a546-eb742a225be8",
              "parentUUID": "de4345d0-ea47-40c6-8159-3560c59b8d75",
              "isHook": false,
              "skipped": false
            },
            {
              "title": "CT007 - Cadastro com campo de senha em branco",
              "fullTitle": "Cadastro de usuário CT007 - Cadastro com campo de senha em branco",
              "timedOut": null,
              "duration": 5335,
              "state": "passed",
              "speed": "medium",
              "pass": true,
              "fail": false,
              "pending": false,
              "context": null,
              "code": "var _a2, _b2, _c2, _d, _e;\n(0, assertions_1.assert)(context.includedPickles[0].id === pickle.id, \"Included pickle stack is unsynchronized\");\nconst { remainingSteps, testCaseStartedId } = retrieveInternalSpecProperties();\ntaskTestCaseStarted(context, {\n  id: testCaseStartedId,\n  testCaseId,\n  attempt: attempt++,\n  timestamp: (0, messages_1.createTimestamp)()\n});\nwindow.testState = {\n  gherkinDocument,\n  pickles,\n  pickle\n};\nconst onAfterStep = (options) => {\n  var _a3, _b3, _c3;\n  const { testStepId, start, result } = options;\n  const end = (0, messages_1.createTimestamp)();\n  if (result === \"pending\" || result === \"skipped\") {\n    if (result === \"pending\") {\n      taskTestStepFinished(context, {\n        testStepId,\n        testCaseStartedId,\n        testStepResult: {\n          status: messages_enums_1.TestStepResultStatus.PENDING,\n          duration: (0, messages_1.duration)(start, end)\n        },\n        timestamp: end\n      });\n    } else {\n      taskTestStepFinished(context, {\n        testStepId,\n        testCaseStartedId,\n        testStepResult: {\n          status: messages_enums_1.TestStepResultStatus.SKIPPED,\n          duration: (0, messages_1.duration)(start, end)\n        },\n        timestamp: end\n      });\n    }\n    remainingSteps.shift();\n    for (const skippedStep of remainingSteps) {\n      const hookIdOrPickleStepId = (0, assertions_1.assertAndReturn)((_b3 = (_a3 = skippedStep.hook) === null || _a3 === void 0 ? void 0 : _a3.id) !== null && _b3 !== void 0 ? _b3 : (_c3 = skippedStep.pickleStep) === null || _c3 === void 0 ? void 0 : _c3.id, \"Expected a step to either be a hook or a pickleStep\");\n      const testStepId2 = getTestStepId({\n        context,\n        pickleId: pickle.id,\n        hookIdOrPickleStepId\n      });\n      taskTestStepStarted(context, {\n        testStepId: testStepId2,\n        testCaseStartedId,\n        timestamp: (0, messages_1.createTimestamp)()\n      });\n      taskTestStepFinished(context, {\n        testStepId: testStepId2,\n        testCaseStartedId,\n        testStepResult: {\n          status: messages_enums_1.TestStepResultStatus.SKIPPED,\n          duration: {\n            seconds: 0,\n            nanos: 0\n          }\n        },\n        timestamp: (0, messages_1.createTimestamp)()\n      });\n    }\n    for (let i = 0, count = remainingSteps.length; i < count; i++) {\n      remainingSteps.pop();\n    }\n    cy.then(() => this.skip());\n  } else {\n    taskTestStepFinished(context, {\n      testStepId,\n      testCaseStartedId,\n      testStepResult: {\n        status: messages_enums_1.TestStepResultStatus.PASSED,\n        duration: (0, messages_1.duration)(start, end)\n      },\n      timestamp: end\n    });\n    remainingSteps.shift();\n  }\n};\nfor (const step of steps) {\n  if (step.hook) {\n    const hook = step.hook;\n    const testStepId = getTestStepId({\n      context,\n      pickleId: pickle.id,\n      hookIdOrPickleStepId: hook.id\n    });\n    cy.then(() => {\n      delete window.testState.pickleStep;\n      const start = (0, messages_1.createTimestamp)();\n      internalProperties.currentStepStartedAt = start;\n      taskTestStepStarted(context, {\n        testStepId,\n        testCaseStartedId,\n        timestamp: start\n      });\n      return cy.wrap(start, { log: false });\n    }).then((start) => {\n      const options = {\n        pickle,\n        gherkinDocument,\n        testCaseStartedId\n      };\n      return (0, cypress_1.runStepWithLogGroup)({\n        fn: dryRun ? noopFn : () => registry2.runCaseHook(this, hook, options),\n        keyword: hook.keyword,\n        text: createStepDescription(hook)\n      }).then((result) => {\n        return { start, result };\n      });\n    }).then(({ start, result }) => onAfterStep({ start, result, testStepId }));\n  } else if (step.pickleStep) {\n    const pickleStep = step.pickleStep;\n    const testStepId = getTestStepId({\n      context,\n      pickleId: pickle.id,\n      hookIdOrPickleStepId: pickleStep.id\n    });\n    const text = (0, assertions_1.assertAndReturn)(pickleStep.text, \"Expected pickle step to have a text\");\n    const scenarioStep = (0, assertions_1.assertAndReturn)(context.astIdsMap.get((0, assertions_1.assertAndReturn)((_a2 = pickleStep.astNodeIds) === null || _a2 === void 0 ? void 0 : _a2[0], \"Expected to find at least one astNodeId\")), `Expected to find scenario step associated with id = ${(_b2 = pickleStep.astNodeIds) === null || _b2 === void 0 ? void 0 : _b2[0]}`);\n    const argument = ((_c2 = pickleStep.argument) === null || _c2 === void 0 ? void 0 : _c2.dataTable) ? new data_table_1.default(pickleStep.argument.dataTable) : ((_e = (_d = pickleStep.argument) === null || _d === void 0 ? void 0 : _d.docString) === null || _e === void 0 ? void 0 : _e.content) ? pickleStep.argument.docString.content : void 0;\n    cy.then(() => {\n      window.testState.pickleStep = step.pickleStep;\n      const start = (0, messages_1.createTimestamp)();\n      internalProperties.currentStep = { pickleStep };\n      internalProperties.currentStepStartedAt = start;\n      taskTestStepStarted(context, {\n        testStepId,\n        testCaseStartedId,\n        timestamp: start\n      });\n      return cy.wrap(start, { log: false });\n    }).then((start) => {\n      const beforeStepHooks = registry2.resolveBeforeStepHooks(tags);\n      const afterStepHooks = registry2.resolveAfterStepHooks(tags);\n      const options = {\n        pickle,\n        pickleStep,\n        gherkinDocument,\n        testCaseStartedId,\n        testStepId\n      };\n      const beforeHooksChain = beforeStepHooks.reduce((chain, beforeStepHook) => {\n        return chain.then(() => (0, cypress_1.runStepWithLogGroup)({\n          keyword: \"BeforeStep\",\n          text: createStepDescription(beforeStepHook),\n          fn: dryRun ? noopFn : () => registry2.runStepHook(this, beforeStepHook, options)\n        }));\n      }, cy.wrap({}, { log: false }));\n      return beforeHooksChain.then(() => {\n        try {\n          return (0, cypress_1.runStepWithLogGroup)({\n            keyword: (0, assertions_1.assertAndReturn)(\"keyword\" in scenarioStep && scenarioStep.keyword, \"Expected to find a keyword in the scenario step\"),\n            argument,\n            text,\n            fn: () => registry2.runStepDefinition(this, text, dryRun, argument)\n          }).then((result) => {\n            return afterStepHooks.reduce((chain, afterStepHook) => {\n              return chain.then(() => (0, cypress_1.runStepWithLogGroup)({\n                keyword: \"AfterStep\",\n                text: createStepDescription(afterStepHook),\n                fn: dryRun ? noopFn : () => registry2.runStepHook(this, afterStepHook, options)\n              }));\n            }, cy.wrap({}, { log: false })).then(() => {\n              return { start, result };\n            });\n          });\n        } catch (e) {\n          if (e instanceof registry_1.MissingDefinitionError) {\n            throw new Error(createMissingStepDefinitionMessage(context, pickleStep, context.registry.parameterTypeRegistry));\n          } else {\n            throw e;\n          }\n        }\n      });\n    }).then(({ start, result }) => onAfterStep({ start, result, testStepId }));\n  }\n}",
              "err": {},
              "uuid": "c0ed240c-7361-4468-b2ae-8856002e51b4",
              "parentUUID": "de4345d0-ea47-40c6-8159-3560c59b8d75",
              "isHook": false,
              "skipped": false
            },
            {
              "title": "CT008 - Cadastro com a confirmação de senha em branco",
              "fullTitle": "Cadastro de usuário CT008 - Cadastro com a confirmação de senha em branco",
              "timedOut": null,
              "duration": 3148,
              "state": "passed",
              "speed": "fast",
              "pass": true,
              "fail": false,
              "pending": false,
              "context": null,
              "code": "var _a2, _b2, _c2, _d, _e;\n(0, assertions_1.assert)(context.includedPickles[0].id === pickle.id, \"Included pickle stack is unsynchronized\");\nconst { remainingSteps, testCaseStartedId } = retrieveInternalSpecProperties();\ntaskTestCaseStarted(context, {\n  id: testCaseStartedId,\n  testCaseId,\n  attempt: attempt++,\n  timestamp: (0, messages_1.createTimestamp)()\n});\nwindow.testState = {\n  gherkinDocument,\n  pickles,\n  pickle\n};\nconst onAfterStep = (options) => {\n  var _a3, _b3, _c3;\n  const { testStepId, start, result } = options;\n  const end = (0, messages_1.createTimestamp)();\n  if (result === \"pending\" || result === \"skipped\") {\n    if (result === \"pending\") {\n      taskTestStepFinished(context, {\n        testStepId,\n        testCaseStartedId,\n        testStepResult: {\n          status: messages_enums_1.TestStepResultStatus.PENDING,\n          duration: (0, messages_1.duration)(start, end)\n        },\n        timestamp: end\n      });\n    } else {\n      taskTestStepFinished(context, {\n        testStepId,\n        testCaseStartedId,\n        testStepResult: {\n          status: messages_enums_1.TestStepResultStatus.SKIPPED,\n          duration: (0, messages_1.duration)(start, end)\n        },\n        timestamp: end\n      });\n    }\n    remainingSteps.shift();\n    for (const skippedStep of remainingSteps) {\n      const hookIdOrPickleStepId = (0, assertions_1.assertAndReturn)((_b3 = (_a3 = skippedStep.hook) === null || _a3 === void 0 ? void 0 : _a3.id) !== null && _b3 !== void 0 ? _b3 : (_c3 = skippedStep.pickleStep) === null || _c3 === void 0 ? void 0 : _c3.id, \"Expected a step to either be a hook or a pickleStep\");\n      const testStepId2 = getTestStepId({\n        context,\n        pickleId: pickle.id,\n        hookIdOrPickleStepId\n      });\n      taskTestStepStarted(context, {\n        testStepId: testStepId2,\n        testCaseStartedId,\n        timestamp: (0, messages_1.createTimestamp)()\n      });\n      taskTestStepFinished(context, {\n        testStepId: testStepId2,\n        testCaseStartedId,\n        testStepResult: {\n          status: messages_enums_1.TestStepResultStatus.SKIPPED,\n          duration: {\n            seconds: 0,\n            nanos: 0\n          }\n        },\n        timestamp: (0, messages_1.createTimestamp)()\n      });\n    }\n    for (let i = 0, count = remainingSteps.length; i < count; i++) {\n      remainingSteps.pop();\n    }\n    cy.then(() => this.skip());\n  } else {\n    taskTestStepFinished(context, {\n      testStepId,\n      testCaseStartedId,\n      testStepResult: {\n        status: messages_enums_1.TestStepResultStatus.PASSED,\n        duration: (0, messages_1.duration)(start, end)\n      },\n      timestamp: end\n    });\n    remainingSteps.shift();\n  }\n};\nfor (const step of steps) {\n  if (step.hook) {\n    const hook = step.hook;\n    const testStepId = getTestStepId({\n      context,\n      pickleId: pickle.id,\n      hookIdOrPickleStepId: hook.id\n    });\n    cy.then(() => {\n      delete window.testState.pickleStep;\n      const start = (0, messages_1.createTimestamp)();\n      internalProperties.currentStepStartedAt = start;\n      taskTestStepStarted(context, {\n        testStepId,\n        testCaseStartedId,\n        timestamp: start\n      });\n      return cy.wrap(start, { log: false });\n    }).then((start) => {\n      const options = {\n        pickle,\n        gherkinDocument,\n        testCaseStartedId\n      };\n      return (0, cypress_1.runStepWithLogGroup)({\n        fn: dryRun ? noopFn : () => registry2.runCaseHook(this, hook, options),\n        keyword: hook.keyword,\n        text: createStepDescription(hook)\n      }).then((result) => {\n        return { start, result };\n      });\n    }).then(({ start, result }) => onAfterStep({ start, result, testStepId }));\n  } else if (step.pickleStep) {\n    const pickleStep = step.pickleStep;\n    const testStepId = getTestStepId({\n      context,\n      pickleId: pickle.id,\n      hookIdOrPickleStepId: pickleStep.id\n    });\n    const text = (0, assertions_1.assertAndReturn)(pickleStep.text, \"Expected pickle step to have a text\");\n    const scenarioStep = (0, assertions_1.assertAndReturn)(context.astIdsMap.get((0, assertions_1.assertAndReturn)((_a2 = pickleStep.astNodeIds) === null || _a2 === void 0 ? void 0 : _a2[0], \"Expected to find at least one astNodeId\")), `Expected to find scenario step associated with id = ${(_b2 = pickleStep.astNodeIds) === null || _b2 === void 0 ? void 0 : _b2[0]}`);\n    const argument = ((_c2 = pickleStep.argument) === null || _c2 === void 0 ? void 0 : _c2.dataTable) ? new data_table_1.default(pickleStep.argument.dataTable) : ((_e = (_d = pickleStep.argument) === null || _d === void 0 ? void 0 : _d.docString) === null || _e === void 0 ? void 0 : _e.content) ? pickleStep.argument.docString.content : void 0;\n    cy.then(() => {\n      window.testState.pickleStep = step.pickleStep;\n      const start = (0, messages_1.createTimestamp)();\n      internalProperties.currentStep = { pickleStep };\n      internalProperties.currentStepStartedAt = start;\n      taskTestStepStarted(context, {\n        testStepId,\n        testCaseStartedId,\n        timestamp: start\n      });\n      return cy.wrap(start, { log: false });\n    }).then((start) => {\n      const beforeStepHooks = registry2.resolveBeforeStepHooks(tags);\n      const afterStepHooks = registry2.resolveAfterStepHooks(tags);\n      const options = {\n        pickle,\n        pickleStep,\n        gherkinDocument,\n        testCaseStartedId,\n        testStepId\n      };\n      const beforeHooksChain = beforeStepHooks.reduce((chain, beforeStepHook) => {\n        return chain.then(() => (0, cypress_1.runStepWithLogGroup)({\n          keyword: \"BeforeStep\",\n          text: createStepDescription(beforeStepHook),\n          fn: dryRun ? noopFn : () => registry2.runStepHook(this, beforeStepHook, options)\n        }));\n      }, cy.wrap({}, { log: false }));\n      return beforeHooksChain.then(() => {\n        try {\n          return (0, cypress_1.runStepWithLogGroup)({\n            keyword: (0, assertions_1.assertAndReturn)(\"keyword\" in scenarioStep && scenarioStep.keyword, \"Expected to find a keyword in the scenario step\"),\n            argument,\n            text,\n            fn: () => registry2.runStepDefinition(this, text, dryRun, argument)\n          }).then((result) => {\n            return afterStepHooks.reduce((chain, afterStepHook) => {\n              return chain.then(() => (0, cypress_1.runStepWithLogGroup)({\n                keyword: \"AfterStep\",\n                text: createStepDescription(afterStepHook),\n                fn: dryRun ? noopFn : () => registry2.runStepHook(this, afterStepHook, options)\n              }));\n            }, cy.wrap({}, { log: false })).then(() => {\n              return { start, result };\n            });\n          });\n        } catch (e) {\n          if (e instanceof registry_1.MissingDefinitionError) {\n            throw new Error(createMissingStepDefinitionMessage(context, pickleStep, context.registry.parameterTypeRegistry));\n          } else {\n            throw e;\n          }\n        }\n      });\n    }).then(({ start, result }) => onAfterStep({ start, result, testStepId }));\n  }\n}",
              "err": {},
              "uuid": "47edfc35-a85d-4a2e-a58d-a577e1b10c88",
              "parentUUID": "de4345d0-ea47-40c6-8159-3560c59b8d75",
              "isHook": false,
              "skipped": false
            },
            {
              "title": "CT009 - Cadastro com campo de pergunta de segurança em branco",
              "fullTitle": "Cadastro de usuário CT009 - Cadastro com campo de pergunta de segurança em branco",
              "timedOut": null,
              "duration": 3463,
              "state": "passed",
              "speed": "fast",
              "pass": true,
              "fail": false,
              "pending": false,
              "context": null,
              "code": "var _a2, _b2, _c2, _d, _e;\n(0, assertions_1.assert)(context.includedPickles[0].id === pickle.id, \"Included pickle stack is unsynchronized\");\nconst { remainingSteps, testCaseStartedId } = retrieveInternalSpecProperties();\ntaskTestCaseStarted(context, {\n  id: testCaseStartedId,\n  testCaseId,\n  attempt: attempt++,\n  timestamp: (0, messages_1.createTimestamp)()\n});\nwindow.testState = {\n  gherkinDocument,\n  pickles,\n  pickle\n};\nconst onAfterStep = (options) => {\n  var _a3, _b3, _c3;\n  const { testStepId, start, result } = options;\n  const end = (0, messages_1.createTimestamp)();\n  if (result === \"pending\" || result === \"skipped\") {\n    if (result === \"pending\") {\n      taskTestStepFinished(context, {\n        testStepId,\n        testCaseStartedId,\n        testStepResult: {\n          status: messages_enums_1.TestStepResultStatus.PENDING,\n          duration: (0, messages_1.duration)(start, end)\n        },\n        timestamp: end\n      });\n    } else {\n      taskTestStepFinished(context, {\n        testStepId,\n        testCaseStartedId,\n        testStepResult: {\n          status: messages_enums_1.TestStepResultStatus.SKIPPED,\n          duration: (0, messages_1.duration)(start, end)\n        },\n        timestamp: end\n      });\n    }\n    remainingSteps.shift();\n    for (const skippedStep of remainingSteps) {\n      const hookIdOrPickleStepId = (0, assertions_1.assertAndReturn)((_b3 = (_a3 = skippedStep.hook) === null || _a3 === void 0 ? void 0 : _a3.id) !== null && _b3 !== void 0 ? _b3 : (_c3 = skippedStep.pickleStep) === null || _c3 === void 0 ? void 0 : _c3.id, \"Expected a step to either be a hook or a pickleStep\");\n      const testStepId2 = getTestStepId({\n        context,\n        pickleId: pickle.id,\n        hookIdOrPickleStepId\n      });\n      taskTestStepStarted(context, {\n        testStepId: testStepId2,\n        testCaseStartedId,\n        timestamp: (0, messages_1.createTimestamp)()\n      });\n      taskTestStepFinished(context, {\n        testStepId: testStepId2,\n        testCaseStartedId,\n        testStepResult: {\n          status: messages_enums_1.TestStepResultStatus.SKIPPED,\n          duration: {\n            seconds: 0,\n            nanos: 0\n          }\n        },\n        timestamp: (0, messages_1.createTimestamp)()\n      });\n    }\n    for (let i = 0, count = remainingSteps.length; i < count; i++) {\n      remainingSteps.pop();\n    }\n    cy.then(() => this.skip());\n  } else {\n    taskTestStepFinished(context, {\n      testStepId,\n      testCaseStartedId,\n      testStepResult: {\n        status: messages_enums_1.TestStepResultStatus.PASSED,\n        duration: (0, messages_1.duration)(start, end)\n      },\n      timestamp: end\n    });\n    remainingSteps.shift();\n  }\n};\nfor (const step of steps) {\n  if (step.hook) {\n    const hook = step.hook;\n    const testStepId = getTestStepId({\n      context,\n      pickleId: pickle.id,\n      hookIdOrPickleStepId: hook.id\n    });\n    cy.then(() => {\n      delete window.testState.pickleStep;\n      const start = (0, messages_1.createTimestamp)();\n      internalProperties.currentStepStartedAt = start;\n      taskTestStepStarted(context, {\n        testStepId,\n        testCaseStartedId,\n        timestamp: start\n      });\n      return cy.wrap(start, { log: false });\n    }).then((start) => {\n      const options = {\n        pickle,\n        gherkinDocument,\n        testCaseStartedId\n      };\n      return (0, cypress_1.runStepWithLogGroup)({\n        fn: dryRun ? noopFn : () => registry2.runCaseHook(this, hook, options),\n        keyword: hook.keyword,\n        text: createStepDescription(hook)\n      }).then((result) => {\n        return { start, result };\n      });\n    }).then(({ start, result }) => onAfterStep({ start, result, testStepId }));\n  } else if (step.pickleStep) {\n    const pickleStep = step.pickleStep;\n    const testStepId = getTestStepId({\n      context,\n      pickleId: pickle.id,\n      hookIdOrPickleStepId: pickleStep.id\n    });\n    const text = (0, assertions_1.assertAndReturn)(pickleStep.text, \"Expected pickle step to have a text\");\n    const scenarioStep = (0, assertions_1.assertAndReturn)(context.astIdsMap.get((0, assertions_1.assertAndReturn)((_a2 = pickleStep.astNodeIds) === null || _a2 === void 0 ? void 0 : _a2[0], \"Expected to find at least one astNodeId\")), `Expected to find scenario step associated with id = ${(_b2 = pickleStep.astNodeIds) === null || _b2 === void 0 ? void 0 : _b2[0]}`);\n    const argument = ((_c2 = pickleStep.argument) === null || _c2 === void 0 ? void 0 : _c2.dataTable) ? new data_table_1.default(pickleStep.argument.dataTable) : ((_e = (_d = pickleStep.argument) === null || _d === void 0 ? void 0 : _d.docString) === null || _e === void 0 ? void 0 : _e.content) ? pickleStep.argument.docString.content : void 0;\n    cy.then(() => {\n      window.testState.pickleStep = step.pickleStep;\n      const start = (0, messages_1.createTimestamp)();\n      internalProperties.currentStep = { pickleStep };\n      internalProperties.currentStepStartedAt = start;\n      taskTestStepStarted(context, {\n        testStepId,\n        testCaseStartedId,\n        timestamp: start\n      });\n      return cy.wrap(start, { log: false });\n    }).then((start) => {\n      const beforeStepHooks = registry2.resolveBeforeStepHooks(tags);\n      const afterStepHooks = registry2.resolveAfterStepHooks(tags);\n      const options = {\n        pickle,\n        pickleStep,\n        gherkinDocument,\n        testCaseStartedId,\n        testStepId\n      };\n      const beforeHooksChain = beforeStepHooks.reduce((chain, beforeStepHook) => {\n        return chain.then(() => (0, cypress_1.runStepWithLogGroup)({\n          keyword: \"BeforeStep\",\n          text: createStepDescription(beforeStepHook),\n          fn: dryRun ? noopFn : () => registry2.runStepHook(this, beforeStepHook, options)\n        }));\n      }, cy.wrap({}, { log: false }));\n      return beforeHooksChain.then(() => {\n        try {\n          return (0, cypress_1.runStepWithLogGroup)({\n            keyword: (0, assertions_1.assertAndReturn)(\"keyword\" in scenarioStep && scenarioStep.keyword, \"Expected to find a keyword in the scenario step\"),\n            argument,\n            text,\n            fn: () => registry2.runStepDefinition(this, text, dryRun, argument)\n          }).then((result) => {\n            return afterStepHooks.reduce((chain, afterStepHook) => {\n              return chain.then(() => (0, cypress_1.runStepWithLogGroup)({\n                keyword: \"AfterStep\",\n                text: createStepDescription(afterStepHook),\n                fn: dryRun ? noopFn : () => registry2.runStepHook(this, afterStepHook, options)\n              }));\n            }, cy.wrap({}, { log: false })).then(() => {\n              return { start, result };\n            });\n          });\n        } catch (e) {\n          if (e instanceof registry_1.MissingDefinitionError) {\n            throw new Error(createMissingStepDefinitionMessage(context, pickleStep, context.registry.parameterTypeRegistry));\n          } else {\n            throw e;\n          }\n        }\n      });\n    }).then(({ start, result }) => onAfterStep({ start, result, testStepId }));\n  }\n}",
              "err": {},
              "uuid": "f25a8b6c-50b3-4cc0-8f9f-cf03b6ca34bd",
              "parentUUID": "de4345d0-ea47-40c6-8159-3560c59b8d75",
              "isHook": false,
              "skipped": false
            },
            {
              "title": "CT010 - Cadastro com campo de resposta de segurança em branco",
              "fullTitle": "Cadastro de usuário CT010 - Cadastro com campo de resposta de segurança em branco",
              "timedOut": null,
              "duration": 3614,
              "state": "passed",
              "speed": "fast",
              "pass": true,
              "fail": false,
              "pending": false,
              "context": null,
              "code": "var _a2, _b2, _c2, _d, _e;\n(0, assertions_1.assert)(context.includedPickles[0].id === pickle.id, \"Included pickle stack is unsynchronized\");\nconst { remainingSteps, testCaseStartedId } = retrieveInternalSpecProperties();\ntaskTestCaseStarted(context, {\n  id: testCaseStartedId,\n  testCaseId,\n  attempt: attempt++,\n  timestamp: (0, messages_1.createTimestamp)()\n});\nwindow.testState = {\n  gherkinDocument,\n  pickles,\n  pickle\n};\nconst onAfterStep = (options) => {\n  var _a3, _b3, _c3;\n  const { testStepId, start, result } = options;\n  const end = (0, messages_1.createTimestamp)();\n  if (result === \"pending\" || result === \"skipped\") {\n    if (result === \"pending\") {\n      taskTestStepFinished(context, {\n        testStepId,\n        testCaseStartedId,\n        testStepResult: {\n          status: messages_enums_1.TestStepResultStatus.PENDING,\n          duration: (0, messages_1.duration)(start, end)\n        },\n        timestamp: end\n      });\n    } else {\n      taskTestStepFinished(context, {\n        testStepId,\n        testCaseStartedId,\n        testStepResult: {\n          status: messages_enums_1.TestStepResultStatus.SKIPPED,\n          duration: (0, messages_1.duration)(start, end)\n        },\n        timestamp: end\n      });\n    }\n    remainingSteps.shift();\n    for (const skippedStep of remainingSteps) {\n      const hookIdOrPickleStepId = (0, assertions_1.assertAndReturn)((_b3 = (_a3 = skippedStep.hook) === null || _a3 === void 0 ? void 0 : _a3.id) !== null && _b3 !== void 0 ? _b3 : (_c3 = skippedStep.pickleStep) === null || _c3 === void 0 ? void 0 : _c3.id, \"Expected a step to either be a hook or a pickleStep\");\n      const testStepId2 = getTestStepId({\n        context,\n        pickleId: pickle.id,\n        hookIdOrPickleStepId\n      });\n      taskTestStepStarted(context, {\n        testStepId: testStepId2,\n        testCaseStartedId,\n        timestamp: (0, messages_1.createTimestamp)()\n      });\n      taskTestStepFinished(context, {\n        testStepId: testStepId2,\n        testCaseStartedId,\n        testStepResult: {\n          status: messages_enums_1.TestStepResultStatus.SKIPPED,\n          duration: {\n            seconds: 0,\n            nanos: 0\n          }\n        },\n        timestamp: (0, messages_1.createTimestamp)()\n      });\n    }\n    for (let i = 0, count = remainingSteps.length; i < count; i++) {\n      remainingSteps.pop();\n    }\n    cy.then(() => this.skip());\n  } else {\n    taskTestStepFinished(context, {\n      testStepId,\n      testCaseStartedId,\n      testStepResult: {\n        status: messages_enums_1.TestStepResultStatus.PASSED,\n        duration: (0, messages_1.duration)(start, end)\n      },\n      timestamp: end\n    });\n    remainingSteps.shift();\n  }\n};\nfor (const step of steps) {\n  if (step.hook) {\n    const hook = step.hook;\n    const testStepId = getTestStepId({\n      context,\n      pickleId: pickle.id,\n      hookIdOrPickleStepId: hook.id\n    });\n    cy.then(() => {\n      delete window.testState.pickleStep;\n      const start = (0, messages_1.createTimestamp)();\n      internalProperties.currentStepStartedAt = start;\n      taskTestStepStarted(context, {\n        testStepId,\n        testCaseStartedId,\n        timestamp: start\n      });\n      return cy.wrap(start, { log: false });\n    }).then((start) => {\n      const options = {\n        pickle,\n        gherkinDocument,\n        testCaseStartedId\n      };\n      return (0, cypress_1.runStepWithLogGroup)({\n        fn: dryRun ? noopFn : () => registry2.runCaseHook(this, hook, options),\n        keyword: hook.keyword,\n        text: createStepDescription(hook)\n      }).then((result) => {\n        return { start, result };\n      });\n    }).then(({ start, result }) => onAfterStep({ start, result, testStepId }));\n  } else if (step.pickleStep) {\n    const pickleStep = step.pickleStep;\n    const testStepId = getTestStepId({\n      context,\n      pickleId: pickle.id,\n      hookIdOrPickleStepId: pickleStep.id\n    });\n    const text = (0, assertions_1.assertAndReturn)(pickleStep.text, \"Expected pickle step to have a text\");\n    const scenarioStep = (0, assertions_1.assertAndReturn)(context.astIdsMap.get((0, assertions_1.assertAndReturn)((_a2 = pickleStep.astNodeIds) === null || _a2 === void 0 ? void 0 : _a2[0], \"Expected to find at least one astNodeId\")), `Expected to find scenario step associated with id = ${(_b2 = pickleStep.astNodeIds) === null || _b2 === void 0 ? void 0 : _b2[0]}`);\n    const argument = ((_c2 = pickleStep.argument) === null || _c2 === void 0 ? void 0 : _c2.dataTable) ? new data_table_1.default(pickleStep.argument.dataTable) : ((_e = (_d = pickleStep.argument) === null || _d === void 0 ? void 0 : _d.docString) === null || _e === void 0 ? void 0 : _e.content) ? pickleStep.argument.docString.content : void 0;\n    cy.then(() => {\n      window.testState.pickleStep = step.pickleStep;\n      const start = (0, messages_1.createTimestamp)();\n      internalProperties.currentStep = { pickleStep };\n      internalProperties.currentStepStartedAt = start;\n      taskTestStepStarted(context, {\n        testStepId,\n        testCaseStartedId,\n        timestamp: start\n      });\n      return cy.wrap(start, { log: false });\n    }).then((start) => {\n      const beforeStepHooks = registry2.resolveBeforeStepHooks(tags);\n      const afterStepHooks = registry2.resolveAfterStepHooks(tags);\n      const options = {\n        pickle,\n        pickleStep,\n        gherkinDocument,\n        testCaseStartedId,\n        testStepId\n      };\n      const beforeHooksChain = beforeStepHooks.reduce((chain, beforeStepHook) => {\n        return chain.then(() => (0, cypress_1.runStepWithLogGroup)({\n          keyword: \"BeforeStep\",\n          text: createStepDescription(beforeStepHook),\n          fn: dryRun ? noopFn : () => registry2.runStepHook(this, beforeStepHook, options)\n        }));\n      }, cy.wrap({}, { log: false }));\n      return beforeHooksChain.then(() => {\n        try {\n          return (0, cypress_1.runStepWithLogGroup)({\n            keyword: (0, assertions_1.assertAndReturn)(\"keyword\" in scenarioStep && scenarioStep.keyword, \"Expected to find a keyword in the scenario step\"),\n            argument,\n            text,\n            fn: () => registry2.runStepDefinition(this, text, dryRun, argument)\n          }).then((result) => 
[...]
              "err": {},
              "uuid": "f9e35522-5f12-4d28-bb3b-af87be2e7093",
              "parentUUID": "de4345d0-ea47-40c6-8159-3560c59b8d75",
              "isHook": false,
              "skipped": false
            },
            {
              "title": "CT014 - Deletando senha no botão de senha aconselhável (example #5)",
              "fullTitle": "Cadastro de usuário CT014 - Deletando senha no botão de senha aconselhável (example #5)",
              "timedOut": null,
              "duration": 3042,
              "state": "passed",
              "speed": "fast",
              "pass": true,
              "fail": false,
              "pending": false,
              "context": null,
              "code": "var _a2, _b2, _c2, _d, _e;\n(0, assertions_1.assert)(context.includedPickles[0].id === pickle.id, \"Included pickle stack is unsynchronized\");\nconst { remainingSteps, testCaseStartedId } = retrieveInternalSpecProperties();\ntaskTestCaseStarted(context, {\n  id: testCaseStartedId,\n  testCaseId,\n  attempt: attempt++,\n  timestamp: (0, messages_1.createTimestamp)()\n});\nwindow.testState = {\n  gherkinDocument,\n  pickles,\n  pickle\n};\nconst onAfterStep = (options) => {\n  var _a3, _b3, _c3;\n  const { testStepId, start, result } = options;\n  const end = (0, messages_1.createTimestamp)();\n  if (result === \"pending\" || result === \"skipped\") {\n    if (result === \"pending\") {\n      taskTestStepFinished(context, {\n        testStepId,\n        testCaseStartedId,\n        testStepResult: {\n          status: messages_enums_1.TestStepResultStatus.PENDING,\n          duration: (0, messages_1.duration)(start, end)\n        },\n        timestamp: end\n      });\n    } else {\n      taskTestStepFinished(context, {\n        testStepId,\n        testCaseStartedId,\n        testStepResult: {\n          status: messages_enums_1.TestStepResultStatus.SKIPPED,\n          duration: (0, messages_1.duration)(start, end)\n        },\n        timestamp: end\n      });\n    }\n    remainingSteps.shift();\n    for (const skippedStep of remainingSteps) {\n      const hookIdOrPickleStepId = (0, assertions_1.assertAndReturn)((_b3 = (_a3 = skippedStep.hook) === null || _a3 === void 0 ? void 0 : _a3.id) !== null && _b3 !== void 0 ? _b3 : (_c3 = skippedStep.pickleStep) === null || _c3 === void 0 ? void 0 : _c3.id, \"Expected a step to either be a hook or a pickleStep\");\n      const testStepId2 = getTestStepId({\n        context,\n        pickleId: pickle.id,\n        hookIdOrPickleStepId\n      });\n      taskTestStepStarted(context, {\n        testStepId: testStepId2,\n        testCaseStartedId,\n        timestamp: (0, messages_1.createTimestamp)()\n      });\n      taskTestStepFinished(context, {\n        testStepId: testStepId2,\n        testCaseStartedId,\n        testStepResult: {\n          status: messages_enums_1.TestStepResultStatus.SKIPPED,\n          duration: {\n            seconds: 0,\n            nanos: 0\n          }\n        },\n        timestamp: (0, messages_1.createTimestamp)()\n      });\n    }\n    for (let i = 0, count = remainingSteps.length; i < count; i++) {\n      remainingSteps.pop();\n    }\n    cy.then(() => this.skip());\n  } else {\n    taskTestStepFinished(context, {\n      testStepId,\n      testCaseStartedId,\n      testStepResult: {\n        status: messages_enums_1.TestStepResultStatus.PASSED,\n        duration: (0, messages_1.duration)(start, end)\n      },\n      timestamp: end\n    });\n    remainingSteps.shift();\n  }\n};\nfor (const step of steps) {\n  if (step.hook) {\n    const hook = step.hook;\n    const testStepId = getTestStepId({\n      context,\n      pickleId: pickle.id,\n      hookIdOrPickleStepId: hook.id\n    });\n    cy.then(() => {\n      delete window.testState.pickleStep;\n      const start = (0, messages_1.createTimestamp)();\n      internalProperties.currentStepStartedAt = start;\n      taskTestStepStarted(context, {\n        testStepId,\n        testCaseStartedId,\n        timestamp: start\n      });\n      return cy.wrap(start, { log: false });\n    }).then((start) => {\n      const options = {\n        pickle,\n        gherkinDocument,\n        testCaseStartedId\n      };\n      return (0, cypress_1.runStepWithLogGroup)({\n        fn: dryRun ? noopFn : () => registry2.runCaseHook(this, hook, options),\n        keyword: hook.keyword,\n        text: createStepDescription(hook)\n      }).then((result) => {\n        return { start, result };\n      });\n    }).then(({ start, result }) => onAfterStep({ start, result, testStepId }));\n  } else if (step.pickleStep) {\n    const pickleStep = step.pickleStep;\n    const testStepId = getTestStepId({\n      context,\n      pickleId: pickle.id,\n      hookIdOrPickleStepId: pickleStep.id\n    });\n    const text = (0, assertions_1.assertAndReturn)(pickleStep.text, \"Expected pickle step to have a text\");\n    const scenarioStep = (0, assertions_1.assertAndReturn)(context.astIdsMap.get((0, assertions_1.assertAndReturn)((_a2 = pickleStep.astNodeIds) === null || _a2 === void 0 ? void 0 : _a2[0], \"Expected to find at least one astNodeId\")), `Expected to find scenario step associated with id = ${(_b2 = pickleStep.astNodeIds) === null || _b2 === void 0 ? void 0 : _b2[0]}`);\n    const argument = ((_c2 = pickleStep.argument) === null || _c2 === void 0 ? void 0 : _c2.dataTable) ? new data_table_1.default(pickleStep.argument.dataTable) : ((_e = (_d = pickleStep.argument) === null || _d === void 0 ? void 0 : _d.docString) === null || _e === void 0 ? void 0 : _e.content) ? pickleStep.argument.docString.content : void 0;\n    cy.then(() => {\n      window.testState.pickleStep = step.pickleStep;\n      const start = (0, messages_1.createTimestamp)();\n      internalProperties.currentStep = { pickleStep };\n      internalProperties.currentStepStartedAt = start;\n      taskTestStepStarted(context, {\n        testStepId,\n        testCaseStartedId,\n        timestamp: start\n      });\n      return cy.wrap(start, { log: false });\n    }).then((start) => {\n      const beforeStepHooks = registry2.resolveBeforeStepHooks(tags);\n      const afterStepHooks = registry2.resolveAfterStepHooks(tags);\n      const options = {\n        pickle,\n        pickleStep,\n        gherkinDocument,\n        testCaseStartedId,\n        testStepId\n      };\n      const beforeHooksChain = beforeStepHooks.reduce((chain, beforeStepHook) => {\n        return chain.then(() => (0, cypress_1.runStepWithLogGroup)({\n          keyword: \"BeforeStep\",\n          text: createStepDescription(beforeStepHook),\n          fn: dryRun ? noopFn : () => registry2.runStepHook(this, beforeStepHook, options)\n        }));\n      }, cy.wrap({}, { log: false }));\n      return beforeHooksChain.then(() => {\n        try {\n          return (0, cypress_1.runStepWithLogGroup)({\n            keyword: (0, assertions_1.assertAndReturn)(\"keyword\" in scenarioStep && scenarioStep.keyword, \"Expected to find a keyword in the scenario step\"),\n            argument,\n            text,\n            fn: () => registry2.runStepDefinition(this, text, dryRun, argument)\n          }).then((result) => {\n            return afterStepHooks.reduce((chain, afterStepHook) => {\n              return chain.then(() => (0, cypress_1.runStepWithLogGroup)({\n                keyword: \"AfterStep\",\n                text: createStepDescription(afterStepHook),\n                fn: dryRun ? noopFn : () => registry2.runStepHook(this, afterStepHook, options)\n              }));\n            }, cy.wrap({}, { log: false })).then(() => {\n              return { start, result };\n            });\n          });\n        } catch (e) {\n          if (e instanceof registry_1.MissingDefinitionError) {\n            throw new Error(createMissingStepDefinitionMessage(context, pickleStep, context.registry.parameterTypeRegistry));\n          } else {\n            throw e;\n          }\n        }\n      });\n    }).then(({ start, result }) => onAfterStep({ start, result, testStepId }));\n  }\n}",
              "err": {},
              "uuid": "84698b7c-c382-4ed5-a6d6-0265e801a998",
              "parentUUID": "de4345d0-ea47-40c6-8159-3560c59b8d75",
              "isHook": false,
              "skipped": false
            },
            {
              "title": "CT015 - Acessar a página de login a partir da página de cadastro",
              "fullTitle": "Cadastro de usuário CT015 - Acessar a página de login a partir da página de cadastro",
              "timedOut": null,
              "duration": 1976,
              "state": "passed",
              "speed": "fast",
              "pass": true,
              "fail": false,
              "pending": false,
              "context": null,
              "code": "var _a2, _b2, _c2, _d, _e;\n(0, assertions_1.assert)(context.includedPickles[0].id === pickle.id, \"Included pickle stack is unsynchronized\");\nconst { remainingSteps, testCaseStartedId } = retrieveInternalSpecProperties();\ntaskTestCaseStarted(context, {\n  id: testCaseStartedId,\n  testCaseId,\n  attempt: attempt++,\n  timestamp: (0, messages_1.createTimestamp)()\n});\nwindow.testState = {\n  gherkinDocument,\n  pickles,\n  pickle\n};\nconst onAfterStep = (options) => {\n  var _a3, _b3, _c3;\n  const { testStepId, start, result } = options;\n  const end = (0, messages_1.createTimestamp)();\n  if (result === \"pending\" || result === \"skipped\") {\n    if (result === \"pending\") {\n      taskTestStepFinished(context, {\n        testStepId,\n        testCaseStartedId,\n        testStepResult: {\n          status: messages_enums_1.TestStepResultStatus.PENDING,\n          duration: (0, messages_1.duration)(start, end)\n        },\n        timestamp: end\n      });\n    } else {\n      taskTestStepFinished(context, {\n        testStepId,\n        testCaseStartedId,\n        testStepResult: {\n          status: messages_enums_1.TestStepResultStatus.SKIPPED,\n          duration: (0, messages_1.duration)(start, end)\n        },\n        timestamp: end\n      });\n    }\n    remainingSteps.shift();\n    for (const skippedStep of remainingSteps) {\n      const hookIdOrPickleStepId = (0, assertions_1.assertAndReturn)((_b3 = (_a3 = skippedStep.hook) === null || _a3 === void 0 ? void 0 : _a3.id) !== null && _b3 !== void 0 ? _b3 : (_c3 = skippedStep.pickleStep) === null || _c3 === void 0 ? void 0 : _c3.id, \"Expected a step to either be a hook or a pickleStep\");\n      const testStepId2 = getTestStepId({\n        context,\n        pickleId: pickle.id,\n        hookIdOrPickleStepId\n      });\n      taskTestStepStarted(context, {\n        testStepId: testStepId2,\n        testCaseStartedId,\n        timestamp: (0, messages_1.createTimestamp)()\n      });\n      taskTestStepFinished(context, {\n        testStepId: testStepId2,\n        testCaseStartedId,\n        testStepResult: {\n          status: messages_enums_1.TestStepResultStatus.SKIPPED,\n          duration: {\n            seconds: 0,\n            nanos: 0\n          }\n        },\n        timestamp: (0, messages_1.createTimestamp)()\n      });\n    }\n    for (let i = 0, count = remainingSteps.length; i < count; i++) {\n      remainingSteps.pop();\n    }\n    cy.then(() => this.skip());\n  } else {\n    taskTestStepFinished(context, {\n      testStepId,\n      testCaseStartedId,\n      testStepResult: {\n        status: messages_enums_1.TestStepResultStatus.PASSED,\n        duration: (0, messages_1.duration)(start, end)\n      },\n      timestamp: end\n    });\n    remainingSteps.shift();\n  }\n};\nfor (const step of steps) {\n  if (step.hook) {\n    const hook = step.hook;\n    const testStepId = getTestStepId({\n      context,\n      pickleId: pickle.id,\n      hookIdOrPickleStepId: hook.id\n    });\n    cy.then(() => {\n      delete window.testState.pickleStep;\n      const start = (0, messages_1.createTimestamp)();\n      internalProperties.currentStepStartedAt = start;\n      taskTestStepStarted(context, {\n        testStepId,\n        testCaseStartedId,\n        timestamp: start\n      });\n      return cy.wrap(start, { log: false });\n    }).then((start) => {\n      const options = {\n        pickle,\n        gherkinDocument,\n        testCaseStartedId\n      };\n      return (0, cypress_1.runStepWithLogGroup)({\n        fn: dryRun ? noopFn : () => registry2.runCaseHook(this, hook, options),\n        keyword: hook.keyword,\n        text: createStepDescription(hook)\n      }).then((result) => {\n        return { start, result };\n      });\n    }).then(({ start, result }) => onAfterStep({ start, result, testStepId }));\n  } else if (step.pickleStep) {\n    const pickleStep = step.pickleStep;\n    const testStepId = getTestStepId({\n      context,\n      pickleId: pickle.id,\n      hookIdOrPickleStepId: pickleStep.id\n    });\n    const text = (0, assertions_1.assertAndReturn)(pickleStep.text, \"Expected pickle step to have a text\");\n    const scenarioStep = (0, assertions_1.assertAndReturn)(context.astIdsMap.get((0, assertions_1.assertAndReturn)((_a2 = pickleStep.astNodeIds) === null || _a2 === void 0 ? void 0 : _a2[0], \"Expected to find at least one astNodeId\")), `Expected to find scenario step associated with id = ${(_b2 = pickleStep.astNodeIds) === null || _b2 === void 0 ? void 0 : _b2[0]}`);\n    const argument = ((_c2 = pickleStep.argument) === null || _c2 === void 0 ? void 0 : _c2.dataTable) ? new data_table_1.default(pickleStep.argument.dataTable) : ((_e = (_d = pickleStep.argument) === null || _d === void 0 ? void 0 : _d.docString) === null || _e === void 0 ? void 0 : _e.content) ? pickleStep.argument.docString.content : void 0;\n    cy.then(() => {\n      window.testState.pickleStep = step.pickleStep;\n      const start = (0, messages_1.createTimestamp)();\n      internalProperties.currentStep = { pickleStep };\n      internalProperties.currentStepStartedAt = start;\n      taskTestStepStarted(context, {\n        testStepId,\n        testCaseStartedId,\n        timestamp: start\n      });\n      return cy.wrap(start, { log: false });\n    }).then((start) => {\n      const beforeStepHooks = registry2.resolveBeforeStepHooks(tags);\n      const afterStepHooks = registry2.resolveAfterStepHooks(tags);\n      const options = {\n        pickle,\n        pickleStep,\n        gherkinDocument,\n        testCaseStartedId,\n        testStepId\n      };\n      const beforeHooksChain = beforeStepHooks.reduce((chain, beforeStepHook) => {\n        return chain.then(() => (0, cypress_1.runStepWithLogGroup)({\n          keyword: \"BeforeStep\",\n          text: createStepDescription(beforeStepHook),\n          fn: dryRun ? noopFn : () => registry2.runStepHook(this, beforeStepHook, options)\n        }));\n      }, cy.wrap({}, { log: false }));\n      return beforeHooksChain.then(() => {\n        try {\n          return (0, cypress_1.runStepWithLogGroup)({\n            keyword: (0, assertions_1.assertAndReturn)(\"keyword\" in scenarioStep && scenarioStep.keyword, \"Expected to find a keyword in the scenario step\"),\n            argument,\n            text,\n            fn: () => registry2.runStepDefinition(this, text, dryRun, argument)\n          }).then((result) => {\n            return afterStepHooks.reduce((chain, afterStepHook) => {\n              return chain.then(() => (0, cypress_1.runStepWithLogGroup)({\n                keyword: \"AfterStep\",\n                text: createStepDescription(afterStepHook),\n                fn: dryRun ? noopFn : () => registry2.runStepHook(this, afterStepHook, options)\n              }));\n            }, cy.wrap({}, { log: false })).then(() => {\n              return { start, result };\n            });\n          });\n        } catch (e) {\n          if (e instanceof registry_1.MissingDefinitionError) {\n            throw new Error(createMissingStepDefinitionMessage(context, pickleStep, context.registry.parameterTypeRegistry));\n          } else {\n            throw e;\n          }\n        }\n      });\n    }).then(({ start, result }) => onAfterStep({ start, result, testStepId }));\n  }\n}",
              "err": {},
              "uuid": "50dc1aca-8a79-48db-b62b-b4e8ffa8949f",
              "parentUUID": "de4345d0-ea47-40c6-8159-3560c59b8d75",
              "isHook": false,
              "skipped": false
            }
          ],
          "suites": [],
          "passes": [
            "8b175254-f30d-4284-ab70-fc09b2b50937",
            "82913455-63d3-4efc-9759-323cd07c4cee",
            "7546d480-e1cd-428b-9bee-c8a0de45dc8d",
            "1d9e3fc9-792c-41b2-8ea0-f01cf53b11cd",
            "1a899bca-de31-4f75-a2c9-e6008ad2923f",
            "918032d7-8b2c-41bd-a546-eb742a225be8",
            "c0ed240c-7361-4468-b2ae-8856002e51b4",
            "47edfc35-a85d-4a2e-a58d-a577e1b10c88",
            "f25a8b6c-50b3-4cc0-8f9f-cf03b6ca34bd",
            "fb75b433-bd69-4710-9c2c-9a7f96c80080",
            "7d4174be-1dba-48cc-995b-860b43f60b3b",
            "06269ba5-1ce1-47dc-ab49-a133bec475a2",
            "6e90022e-960c-41c7-9027-52a65459c162",
            "a6bafa66-4ed4-412a-9b74-f093f6c03411",
            "b0d2c99e-cfc4-438b-b02e-c4d300e500ea",
            "61f1b608-1142-4fb7-a469-3f0e7de7db10",
            "dc6c3f9d-4669-494b-a6bd-43edd8c11b2d",
            "4d2d0d9e-a99d-487f-aa53-a7e90147675f",
            "96312460-2975-4456-9906-37f765e34db8",
            "dc70aac2-f6a5-41fe-b3ae-92e67c0a88e9",
            "f9e35522-5f12-4d28-bb3b-af87be2e7093",
            "84698b7c-c382-4ed5-a6d6-0265e801a998",
            "50dc1aca-8a79-48db-b62b-b4e8ffa8949f"
          ],
          "failures": [],
          "pending": [],
          "skipped": [],
          "duration": 88951,
          "root": false,
          "rootEmpty": false,
          "_timeout": 2000
        }
      ],
      "passes": [],
      "failures": [],
      "pending": [],
      "skipped": [],
      "duration": 0,
      "root": true,
      "rootEmpty": true,
      "_timeout": 2000
    }
  ],
  "meta": {
    "mocha": {
      "version": "7.0.1"
    },
    "mochawesome": {
      "options": {
        "quiet": false,
        "reportFilename": "mochawesome",
        "saveHtml": true,
        "saveJson": true,
        "consoleReporter": "spec",
        "useInlineDiffs": false,
        "code": true
      },
      "version": "7.1.3"
    },
    "marge": {
      "options": {
        "reportDir": "cypress/reports/mochawesome",
        "overwrite": false,
        "html": true,
        "json": true
      },
      "version": "6.2.0"
    }
  }
}